2025-04-07 15:38:56 [main] INFO  org.apache.logging.log4j.LogManager - Initialized LoginPageAction
2025-04-07 15:38:56 [main] INFO  org.apache.logging.log4j.LogManager - Initialized ChangePasswordPageAction
2025-04-07 15:38:56 [main] INFO  org.apache.logging.log4j.LogManager - Initialized AddAddressPageActions
2025-04-07 15:38:59 [main] INFO  org.apache.logging.log4j.LogManager - Provided email and password
2025-04-07 15:39:05 [main] INFO  org.apache.logging.log4j.LogManager - Clicked 'Log In'
2025-04-07 15:39:06 [main] INFO  org.apache.logging.log4j.LogManager - Clicked 'My Email'
2025-04-07 15:39:06 [main] INFO  org.apache.logging.log4j.LogManager - Initialized AddAddressPageActions
2025-04-07 15:39:06 [main] INFO  org.apache.logging.log4j.LogManager - Clicked 'My Email'
2025-04-07 15:39:09 [main] INFO  org.apache.logging.log4j.LogManager - Clicked 'Addresses' and 'Add New'
2025-04-07 15:39:09 [main] DEBUG org.apache.poi.openxml4j.opc.PackageRelationshipCollection - Parsing relationship: /xl/_rels/workbook.xml.rels
2025-04-07 15:39:09 [main] DEBUG org.apache.poi.openxml4j.opc.PackageRelationshipCollection - Parsing relationship: /_rels/.rels
2025-04-07 15:39:10 [main] ERROR org.apache.logging.log4j.LogManager - Data is null or does not contain enough rows/columns.
2025-04-07 15:39:10 [main] INFO  org.apache.logging.log4j.LogManager - Clicked 'Save'
2025-04-07 15:39:11 [main] INFO  org.apache.logging.log4j.LogManager - Initialized LoginPageAction
2025-04-07 15:39:11 [main] INFO  org.apache.logging.log4j.LogManager - Initialized ChangePasswordPageAction
2025-04-07 15:39:11 [main] INFO  org.apache.logging.log4j.LogManager - Initialized AddAddressPageActions
2025-04-07 15:39:16 [main] INFO  org.apache.logging.log4j.LogManager - Provided email and password
2025-04-07 15:39:18 [main] INFO  org.apache.logging.log4j.LogManager - Clicked 'Log In'
2025-04-07 15:39:20 [main] INFO  org.apache.logging.log4j.LogManager - Initialized LoginPageAction
2025-04-07 15:39:20 [main] INFO  org.apache.logging.log4j.LogManager - Initialized ChangePasswordPageAction
2025-04-07 15:39:20 [main] INFO  org.apache.logging.log4j.LogManager - Initialized AddAddressPageActions
2025-04-07 15:39:23 [main] INFO  org.apache.logging.log4j.LogManager - Provided email and password
2025-04-07 15:39:24 [main] INFO  org.apache.logging.log4j.LogManager - Clicked 'Log In'
2025-04-07 15:39:25 [main] INFO  org.apache.logging.log4j.LogManager - Initialized LoginPageAction
2025-04-07 15:39:25 [main] INFO  org.apache.logging.log4j.LogManager - Initialized ChangePasswordPageAction
2025-04-07 15:39:25 [main] INFO  org.apache.logging.log4j.LogManager - Initialized AddAddressPageActions
2025-04-07 15:39:30 [main] INFO  org.apache.logging.log4j.LogManager - Provided email and password
2025-04-07 15:39:32 [main] INFO  org.apache.logging.log4j.LogManager - Clicked 'Log In'
2025-04-07 15:39:32 [main] INFO  org.apache.logging.log4j.LogManager - Initialized ChangePasswordPageAction
2025-04-07 15:39:32 [main] INFO  org.apache.logging.log4j.LogManager - Clicked 'My Email'
2025-04-07 15:39:33 [main] INFO  org.apache.logging.log4j.LogManager - Clicked 'Change Password'
2025-04-07 15:39:33 [main] INFO  org.apache.logging.log4j.LogManager - Entered old password
2025-04-07 15:39:33 [main] INFO  org.apache.logging.log4j.LogManager - Entered new password and confirmation
2025-04-07 15:39:33 [main] INFO  org.apache.logging.log4j.LogManager - Clicked 'Change Password' button
2025-04-07 15:39:35 [main] INFO  org.apache.logging.log4j.LogManager - Initialized LoginPageAction
2025-04-07 15:39:35 [main] INFO  org.apache.logging.log4j.LogManager - Initialized ChangePasswordPageAction
2025-04-07 15:39:35 [main] INFO  org.apache.logging.log4j.LogManager - Initialized AddAddressPageActions
2025-04-07 15:39:39 [main] INFO  org.apache.logging.log4j.LogManager - Provided email and password
2025-04-07 15:39:42 [main] INFO  org.apache.logging.log4j.LogManager - Clicked 'Log In'
2025-04-07 15:39:42 [main] INFO  org.apache.logging.log4j.LogManager - Initialized ChangePasswordPageAction
2025-04-07 15:39:43 [main] INFO  org.apache.logging.log4j.LogManager - Clicked 'My Email'
2025-04-07 15:39:43 [main] INFO  org.apache.logging.log4j.LogManager - Clicked 'Change Password'
2025-04-07 15:39:43 [main] INFO  org.apache.logging.log4j.LogManager - Entered old password
2025-04-07 15:39:44 [main] INFO  org.apache.logging.log4j.LogManager - Entered new password and confirmation
2025-04-07 15:39:44 [main] INFO  org.apache.logging.log4j.LogManager - Clicked 'Change Password' button
2025-04-07 15:45:42 [main] INFO  org.apache.logging.log4j.LogManager - Initialized LoginPageAction
2025-04-07 15:45:42 [main] INFO  org.apache.logging.log4j.LogManager - Initialized ChangePasswordPageAction
2025-04-07 15:45:42 [main] INFO  org.apache.logging.log4j.LogManager - Initialized AddAddressPageActions
2025-04-07 15:45:46 [main] INFO  org.apache.logging.log4j.LogManager - Provided email and password
2025-04-07 15:45:49 [main] INFO  org.apache.logging.log4j.LogManager - Clicked 'Log In'
2025-04-07 15:45:50 [main] INFO  org.apache.logging.log4j.LogManager - Clicked 'My Email'
2025-04-07 15:45:50 [main] INFO  org.apache.logging.log4j.LogManager - Initialized AddAddressPageActions
2025-04-07 15:45:50 [main] INFO  org.apache.logging.log4j.LogManager - Clicked 'My Email'
2025-04-07 15:45:52 [main] INFO  org.apache.logging.log4j.LogManager - Clicked 'Addresses' and 'Add New'
2025-04-07 15:45:53 [main] DEBUG org.apache.poi.openxml4j.opc.PackageRelationshipCollection - Parsing relationship: /xl/_rels/workbook.xml.rels
2025-04-07 15:45:53 [main] DEBUG org.apache.poi.openxml4j.opc.PackageRelationshipCollection - Parsing relationship: /_rels/.rels
2025-04-07 15:45:54 [main] INFO  org.apache.logging.log4j.LogManager - Address form filled successfully
2025-04-07 15:45:56 [main] INFO  org.apache.logging.log4j.LogManager - Clicked 'Save'
2025-04-07 15:45:58 [main] INFO  org.apache.logging.log4j.LogManager - Initialized LoginPageAction
2025-04-07 15:45:58 [main] INFO  org.apache.logging.log4j.LogManager - Initialized ChangePasswordPageAction
2025-04-07 15:45:58 [main] INFO  org.apache.logging.log4j.LogManager - Initialized AddAddressPageActions
2025-04-07 15:46:02 [main] INFO  org.apache.logging.log4j.LogManager - Provided email and password
2025-04-07 15:46:07 [main] INFO  org.apache.logging.log4j.LogManager - Clicked 'Log In'
2025-04-07 15:46:08 [main] INFO  org.apache.logging.log4j.LogManager - Initialized LoginPageAction
2025-04-07 15:46:08 [main] INFO  org.apache.logging.log4j.LogManager - Initialized ChangePasswordPageAction
2025-04-07 15:46:08 [main] INFO  org.apache.logging.log4j.LogManager - Initialized AddAddressPageActions
2025-04-07 15:46:12 [main] INFO  org.apache.logging.log4j.LogManager - Provided email and password
2025-04-07 15:46:12 [main] INFO  org.apache.logging.log4j.LogManager - Clicked 'Log In'
2025-04-07 15:46:14 [main] INFO  org.apache.logging.log4j.LogManager - Initialized LoginPageAction
2025-04-07 15:46:14 [main] INFO  org.apache.logging.log4j.LogManager - Initialized ChangePasswordPageAction
2025-04-07 15:46:14 [main] INFO  org.apache.logging.log4j.LogManager - Initialized AddAddressPageActions
2025-04-07 15:46:18 [main] INFO  org.apache.logging.log4j.LogManager - Provided email and password
2025-04-07 15:46:20 [main] INFO  org.apache.logging.log4j.LogManager - Clicked 'Log In'
2025-04-07 15:46:20 [main] INFO  org.apache.logging.log4j.LogManager - Initialized ChangePasswordPageAction
2025-04-07 15:46:21 [main] INFO  org.apache.logging.log4j.LogManager - Clicked 'My Email'
2025-04-07 15:46:21 [main] INFO  org.apache.logging.log4j.LogManager - Clicked 'Change Password'
2025-04-07 15:46:22 [main] INFO  org.apache.logging.log4j.LogManager - Entered old password
2025-04-07 15:46:22 [main] INFO  org.apache.logging.log4j.LogManager - Entered new password and confirmation
2025-04-07 15:46:22 [main] INFO  org.apache.logging.log4j.LogManager - Clicked 'Change Password' button
2025-04-07 15:46:23 [main] INFO  org.apache.logging.log4j.LogManager - Initialized LoginPageAction
2025-04-07 15:46:23 [main] INFO  org.apache.logging.log4j.LogManager - Initialized ChangePasswordPageAction
2025-04-07 15:46:23 [main] INFO  org.apache.logging.log4j.LogManager - Initialized AddAddressPageActions
2025-04-07 15:46:28 [main] INFO  org.apache.logging.log4j.LogManager - Provided email and password
2025-04-07 15:46:31 [main] INFO  org.apache.logging.log4j.LogManager - Clicked 'Log In'
2025-04-07 15:46:31 [main] INFO  org.apache.logging.log4j.LogManager - Initialized ChangePasswordPageAction
2025-04-07 15:46:31 [main] INFO  org.apache.logging.log4j.LogManager - Clicked 'My Email'
2025-04-07 15:46:32 [main] INFO  org.apache.logging.log4j.LogManager - Clicked 'Change Password'
2025-04-07 15:46:32 [main] INFO  org.apache.logging.log4j.LogManager - Entered old password
2025-04-07 15:46:32 [main] INFO  org.apache.logging.log4j.LogManager - Entered new password and confirmation
2025-04-07 15:46:33 [main] INFO  org.apache.logging.log4j.LogManager - Clicked 'Change Password' button
